C51 COMPILER V9.54   BSP_DIGITALSENSOR                                                     12/23/2019 23:17:07 PAGE 1   


C51 COMPILER V9.54, COMPILATION OF MODULE BSP_DIGITALSENSOR
OBJECT MODULE PLACED IN .\Objects\bsp_DigitalSensor.obj
COMPILER INVOKED BY: d:\Keil_v5\C51\BIN\C51.EXE Src\bsp_DigitalSensor.c LARGE OPTIMIZE(9,SPEED) BROWSE INCDIR(.\Librarie
                    -s\STC15_StdPeriph_Driver\inc;.\Libraries\STC15_StdPeriph_Driver\src;.\Libraries\CMSIS) DEBUG OBJECTEXTEND PRINT(.\Listin
                    -gs\bsp_DigitalSensor.lst) TABS(2) PREPRINT(.\Listings\bsp_DigitalSensor.i) OBJECT(.\Objects\bsp_DigitalSensor.obj)

line level    source

   1          #include "bsp_DigitalSensor.h"
   2          
   3          DigitalSensor mdDigitalSensor;
   4          
   5          status bspDigitalSensorInit()
   6          {
   7   1        GPIO_InitTypeDef GPIO_InitStruct;
   8   1        
   9   1        GPIO_InitStruct.GPIO_Pin = GPIO_Pin_6 | GPIO_Pin_7;
  10   1        GPIO_InitStruct.GPIO_Mode = GPIO_Mode_Standard_IO;
  11   1        
  12   1        GPIO_Init(GPIO_P1,&GPIO_InitStruct);
  13   1      
  14   1        GPIO_InitStruct.GPIO_Pin = GPIO_Pin_7;
  15   1        GPIO_InitStruct.GPIO_Mode = GPIO_Mode_Standard_IO;
  16   1        
  17   1        GPIO_Init(GPIO_P4,&GPIO_InitStruct);
  18   1        
  19   1        return 1;
  20   1      }
  21          static bspDigitalSensor(uint8_t ucSensorNo)
  22          {
  23   1        switch(ucSensorNo)
  24   1        {
  25   2          case 0:
  26   2            return DigitalPin_0;  
  27   2          case 1:
  28   2            return DigitalPin_1;
  29   2          case 2:
  30   2            return DigitalPin_2;
  31   2        }
  32   1        return -1;
  33   1      }
  34          /*读取当前传感器值*/
  35          void bspDigitalSensorDel()
  36          {
  37   1        uint8_t ucLoop = 0;
  38   1      
  39   1        for(ucLoop = 0;ucLoop < MAX_DIGITAL_SENSOR_NUM;ucLoop++)
  40   1        {
  41   2          mdDigitalSensor.uiValue[ucLoop] = bspDigitalSensor(ucLoop);
  42   2        }
  43   1      }


MODULE INFORMATION:   STATIC OVERLAYABLE
   CODE SIZE        =     93    ----
   CONSTANT SIZE    =   ----    ----
   XDATA SIZE       =      3       2
   PDATA SIZE       =   ----    ----
   DATA SIZE        =   ----    ----
   IDATA SIZE       =   ----    ----
   BIT SIZE         =   ----    ----
C51 COMPILER V9.54   BSP_DIGITALSENSOR                                                     12/23/2019 23:17:07 PAGE 2   

END OF MODULE INFORMATION.


C51 COMPILATION COMPLETE.  0 WARNING(S),  0 ERROR(S)
