C51 COMPILER V9.54   BSP_SPEAKER                                                           12/23/2019 22:18:07 PAGE 1   


C51 COMPILER V9.54, COMPILATION OF MODULE BSP_SPEAKER
OBJECT MODULE PLACED IN .\Objects\bsp_Speaker.obj
COMPILER INVOKED BY: d:\Keil_v5\C51\BIN\C51.EXE Src\bsp_Speaker.c LARGE OPTIMIZE(9,SPEED) BROWSE INCDIR(.\Libraries\STC1
                    -5_StdPeriph_Driver\inc;.\Libraries\STC15_StdPeriph_Driver\src;.\Libraries\CMSIS) DEBUG OBJECTEXTEND PRINT(.\Listings\bsp
                    -_Speaker.lst) TABS(2) PREPRINT(.\Listings\bsp_Speaker.i) OBJECT(.\Objects\bsp_Speaker.obj)

line level    source

   1          #include "bsp_Speaker.h"
   2          
   3          status bsp_SpeakerInit()
   4          {
   5   1        GPIO_InitTypeDef GPIO_InitStruct;
   6   1        
   7   1        GPIO_InitStruct.GPIO_Pin =  GPIO_Pin_5;
   8   1        GPIO_InitStruct.GPIO_Mode = GPIO_Mode_Standard_IO;
   9   1        
  10   1        GPIO_Init(GPIO_P4,&GPIO_InitStruct);
  11   1        return true;
  12   1      }
  13          status bsp_SpeakerOpen()
  14          {
  15   1        SPEAKER_PIN = 1;
  16   1      }
*** WARNING C173 IN LINE 16 OF Src\bsp_Speaker.c: missing return-expression
  17          status bsp_SpeakerOff()
  18          {
  19   1        SPEAKER_PIN = 0;
  20   1      }
*** WARNING C173 IN LINE 20 OF Src\bsp_Speaker.c: missing return-expression
*** WARNING C290 IN LINE 16 OF Src\bsp_Speaker.c: missing return value
*** WARNING C290 IN LINE 20 OF Src\bsp_Speaker.c: missing return value


MODULE INFORMATION:   STATIC OVERLAYABLE
   CODE SIZE        =     29    ----
   CONSTANT SIZE    =   ----    ----
   XDATA SIZE       =   ----       2
   PDATA SIZE       =   ----    ----
   DATA SIZE        =   ----    ----
   IDATA SIZE       =   ----    ----
   BIT SIZE         =   ----    ----
END OF MODULE INFORMATION.


C51 COMPILATION COMPLETE.  4 WARNING(S),  0 ERROR(S)
