C51 COMPILER V9.54   BSPDHT11                                                              10/25/2019 20:43:04 PAGE 1   


C51 COMPILER V9.54, COMPILATION OF MODULE BSPDHT11
OBJECT MODULE PLACED IN .\Objects\bspDHT11.obj
COMPILER INVOKED BY: d:\Keil_v5\C51\BIN\C51.EXE Src\bspDHT11.c OPTIMIZE(9,SPEED) BROWSE INCDIR(.\Libraries\STC15_StdPeri
                    -ph_Driver\inc;.\Libraries\STC15_StdPeriph_Driver\src;.\Libraries\CMSIS) DEFINE(STC15W201S) DEBUG OBJECTEXTEND PRINT(.\Li
                    -stings\bspDHT11.lst) TABS(2) PREPRINT(.\Listings\bspDHT11.i) OBJECT(.\Objects\bspDHT11.obj)

line level    source

   1          #include "bspDHT11.h"
   2          
   3          void Delay8us()     //@11.0592MHz
   4          {
   5   1          unsigned char i;
   6   1      
   7   1          _nop_();
   8   1          _nop_();
   9   1          i = 19;
  10   1          while (--i);
  11   1      }
  12          void Delay35us()        //@11.0592MHz
  13          {
  14   1          unsigned char i;
  15   1      
  16   1          _nop_();
  17   1          i = 94;
  18   1          while (--i);
  19   1      }
  20          void Delay30us()        //@11.0592MHz
  21          {
  22   1          unsigned char i;
  23   1      
  24   1          _nop_();
  25   1          _nop_();
  26   1          i = 80;
  27   1          while (--i);
  28   1      }
  29          void Delay18ms()        //@11.0592MHz
  30          {
  31   1          unsigned char i, j, k;
  32   1      
  33   1          i = 1;
  34   1          j = 194;
  35   1          k = 160;
  36   1          do
  37   1          {
  38   2              do
  39   2              {
  40   3                  while (--k);
  41   3              } while (--j);
  42   2          } while (--i);
  43   1      }
  44          void Delay1000ms()    //@11.0592MHz
  45          {
  46   1        unsigned char i, j, k;
  47   1      
  48   1        _nop_();
  49   1        _nop_();
  50   1        i = 43;
  51   1        j = 6;
  52   1        k = 203;
  53   1        do
C51 COMPILER V9.54   BSPDHT11                                                              10/25/2019 20:43:04 PAGE 2   

  54   1        {
  55   2          do
  56   2          {
  57   3            while (--k);
  58   3          } while (--j);
  59   2        } while (--i);
  60   1      }
  61          void bspDHT11Init()
  62          {
  63   1        //设置传感器的io为功能和模式
  64   1        GPIO_InitTypeDef GPIO_InitStruct;
  65   1      
  66   1        GPIO_InitStruct.GPIO_Pin = GPIO_Pin_3;
  67   1        GPIO_InitStruct.GPIO_Mode = GPIO_Mode_Standard_IO;
  68   1        GPIO_Init(GPIO_P3,&GPIO_InitStruct);
  69   1        //DHT11_IO = 0;
  70   1      }
  71          /*****************************************************************************
  72           函 数 名  : bspDHT11ReceiveByte
  73           功能描述  : DHT11一个字节
  74           输入参数  : 无,
  75           输出参数  : 无
  76           返 回 值  : 
  77           调用函数  : 
  78           被调函数  : 
  79           
  80           修改历史      :
  81            1.日    期   : 2019年5月24日 星期五
  82              作    者   : Gavinx
  83              修改内容   : 新生成函数
  84          
  85          *****************************************************************************/
  86          #if 1
  87          
  88          uint8_t bspDHT11ReceiveByte()
  89          {
  90   1        uint8_t uiLoop = 0;
  91   1        uint8_t uiDat = 0;
  92   1        uint16_t uiCount = 0;
  93   1        uint8_t uiTemp = 0;
  94   1        for(uiLoop = 0; uiLoop < 8; uiLoop++)
  95   1        {
  96   2          uiCount = 65535;
  97   2          while(!DHT11_IO && --uiCount  > 0);
  98   2          Delay30us();
  99   2          uiTemp = 0;
 100   2          if(DHT11_IO)
 101   2          {
 102   3            uiTemp = 1;
 103   3          }
 104   2          uiCount = 65535;
 105   2          while(DHT11_IO && --uiCount  > 0);
 106   2          uiDat <<= 1;
 107   2          uiDat = uiDat | uiTemp;
 108   2        }
 109   1        return uiDat;
 110   1      }
 111          #else
              
              uint8_t bspDHT11ReceiveByte()
              {
                uint8_t uiLoop = 0;
C51 COMPILER V9.54   BSPDHT11                                                              10/25/2019 20:43:04 PAGE 3   

                uint8_t uiCount = 0;
                uint8_t uiData = 0;
                uint8_t uiTemp = 0;
                uint8_t uiJoop = 0;
                for(uiLoop = 0;uiLoop < 8;uiLoop++)
                {
                  uiCount = 3;
                  while(!DHT11_IO && uiCount--);
                  uiTemp = 0;
                  delayUs(27);
                  if(DHT11_IO)
                  {
                    uiTemp = 1;
                  }
                  uiCount = 3;
                  while(DHT11_IO && uiCount--); 
                  uiData <<= 1;
                  uiData |= uiTemp;
                }
                return uiData;
              }
              #endif
 138          /*****************************************************************************
 139           函 数 名  : bspDHT11Receive
 140           功能描述  : DHT11读取温湿度信息
 141           输入参数  : 无,该函数最好两秒执行一次
 142           输出参数  : 无
 143           返 回 值  : 
 144           调用函数  : 
 145           被调函数  : 
 146           
 147           修改历史      :
 148            1.日    期   : 2019年5月24日 星期五
 149              作    者   : Gavinx
 150              修改内容   : 新生成函数
 151          
 152          *****************************************************************************/
 153          uint8_t bspDHT11Receive(DHT11Info *Info)
 154          {
 155   1        uint16_t uiCount = 0;
 156   1        
 157   1        DHT11_IO = 1;//拉高
 158   1        Delay8us();
 159   1        DHT11_IO = 0;//拉低
 160   1        //等待20ms
 161   1        Delay18ms();
 162   1        DHT11_IO = 1;//拉高
 163   1        Delay35us();
 164   1        if(!DHT11_IO)
 165   1        {
 166   2          uiCount = 65536;
 167   2          while(!DHT11_IO && --uiCount > 0);
 168   2          uiCount = 65536;
 169   2          while(DHT11_IO && --uiCount > 0);
 170   2            //接受5个字节的数据
 171   2          Info->uiHumidity = bspDHT11ReceiveByte();
 172   2          Info->uiHumidityPoint = bspDHT11ReceiveByte();
 173   2          
 174   2          Info->uiTemperature = bspDHT11ReceiveByte();
 175   2          Info->uiTemperaturePoint = bspDHT11ReceiveByte();
 176   2          
 177   2          Info->uiCrcData = bspDHT11ReceiveByte();
C51 COMPILER V9.54   BSPDHT11                                                              10/25/2019 20:43:04 PAGE 4   

 178   2          
 179   2          if(Info->uiCrcData == Info->uiTemperature + Info->uiTemperaturePoint + 
 180   2                Info->uiHumidity + Info->uiHumidityPoint)
 181   2          {
 182   3            return true;
 183   3          }
 184   2        }
 185   1        return false;
 186   1      }
 187          


MODULE INFORMATION:   STATIC OVERLAYABLE
   CODE SIZE        =    306    ----
   CONSTANT SIZE    =   ----    ----
   XDATA SIZE       =   ----    ----
   PDATA SIZE       =   ----    ----
   DATA SIZE        =   ----       5
   IDATA SIZE       =   ----    ----
   BIT SIZE         =   ----    ----
END OF MODULE INFORMATION.


C51 COMPILATION COMPLETE.  0 WARNING(S),  0 ERROR(S)
