C51 COMPILER V9.54   BSPUSART                                                              05/27/2019 16:20:02 PAGE 1   


C51 COMPILER V9.54, COMPILATION OF MODULE BSPUSART
OBJECT MODULE PLACED IN .\Objects\bspUsart.obj
COMPILER INVOKED BY: d:\Keil_v5\C51\BIN\C51.EXE Src\bspUsart.c LARGE OPTIMIZE(9,SPEED) BROWSE INCDIR(.\Libraries\STC15_S
                    -tdPeriph_Driver\inc;.\Libraries\STC15_StdPeriph_Driver\src;.\Libraries\CMSIS) DEBUG OBJECTEXTEND PRINT(.\Listings\bspUsa
                    -rt.lst) TABS(2) OBJECT(.\Objects\bspUsart.obj)

line level    source

   1          #include "bspUsart.h"
   2          #include "stdio.h"
   3          #include "intrins.h"
   4          #include "stdlib.h"
   5          


MODULE INFORMATION:   STATIC OVERLAYABLE
   CODE SIZE        =   ----    ----
   CONSTANT SIZE    =   ----    ----
   XDATA SIZE       =   ----    ----
   PDATA SIZE       =   ----    ----
   DATA SIZE        =   ----    ----
   IDATA SIZE       =   ----    ----
   BIT SIZE         =   ----    ----
END OF MODULE INFORMATION.


C51 COMPILATION COMPLETE.  0 WARNING(S),  0 ERROR(S)
